0 info it worked if it ends with ok
1 verbose cli [ 'C:\\Program Files\\nodejs\\node.exe',
1 verbose cli   'C:\\Users\\Serge\\AppData\\Roaming\\npm\\node_modules\\npm\\bin\\npm-cli.js',
1 verbose cli   'start' ]
2 info using npm@3.5.2
3 info using node@v6.2.1
4 verbose run-script [ 'prestart', 'start', 'poststart' ]
5 info lifecycle angular2-boilerplate@1.0.0~prestart: angular2-boilerplate@1.0.0
6 silly lifecycle angular2-boilerplate@1.0.0~prestart: no script for prestart, continuing
7 info lifecycle angular2-boilerplate@1.0.0~start: angular2-boilerplate@1.0.0
8 verbose lifecycle angular2-boilerplate@1.0.0~start: unsafe-perm in lifecycle true
9 verbose lifecycle angular2-boilerplate@1.0.0~start: PATH: C:\Users\Serge\AppData\Roaming\npm\node_modules\npm\bin\node-gyp-bin;E:\!PROJECTS\WebDesign\angular2-app\node_modules\.bin;C:\Users\Serge\bin;C:\Program Files\Git\mingw64\bin;C:\Program Files\Git\usr\local\bin;C:\Program Files\Git\usr\bin;C:\Program Files\Git\usr\bin;C:\Program Files\Git\cmd;C:\Program Files\ConEmu\ConEmu\Scripts;C:\Program Files\ConEmu;C:\Program Files\ConEmu\ConEmu;C:\tools\ruby23\bin;C:\Python27;C:\Python27\Scripts;C:\program files\graphicsmagick-1.3.20-q8;C:\ProgramData\Oracle\Java\javapath;C:\WINDOWS\system32;C:\WINDOWS;C:\ProgramData\chocolatey\bin;C:\Users\Serge\AppData\Roaming\npm;C:\Program Files\Calibre2;C:\tools\DevKit2;C:\Program Files (x86)\QuickTime\QTSystem;C:\Program Files (x86)\NVIDIA Corporation\PhysX\Common;C:\WINDOWS\System32\Wbem;C:\WINDOWS\System32\WindowsPowerShell\v1.0;C:\Program Files (x86)\Brackets\command;C:\Program Files\Git;C:\tools\python2;C:\Program Files\Microsoft SQL Server\120\Tools\Binn;C:\Users\Serge\.dnx\bin;C:\Program Files\Microsoft DNX\Dnvm;C:\Program Files (x86)\Windows Kits\10\Windows Performance Toolkit;C:\WINDOWS\system32;C:\WINDOWS;C:\WINDOWS\System32\Wbem;C:\WINDOWS\System32\WindowsPowerShell\v1.0;C:\Program Files\nodejs;C:\tools\PhantomJS;C:\Users\Serge\AppData\Local\atom\bin;C:\Program Files\Git\usr\bin\vendor_perl;C:\Program Files\Git\usr\bin\core_perl
10 verbose lifecycle angular2-boilerplate@1.0.0~start: CWD: E:\!PROJECTS\WebDesign\angular2-app
11 silly lifecycle angular2-boilerplate@1.0.0~start: Args: [ '/d /s /c', 'concurrent "npm run gulp" "npm run lite" ' ]
12 silly lifecycle angular2-boilerplate@1.0.0~start: Returned: code: 1  signal: null
13 info lifecycle angular2-boilerplate@1.0.0~start: Failed to exec start script
14 verbose stack Error: angular2-boilerplate@1.0.0 start: `concurrent "npm run gulp" "npm run lite" `
14 verbose stack Exit status 1
14 verbose stack     at EventEmitter.<anonymous> (C:\Users\Serge\AppData\Roaming\npm\node_modules\npm\lib\utils\lifecycle.js:232:16)
14 verbose stack     at emitTwo (events.js:106:13)
14 verbose stack     at EventEmitter.emit (events.js:191:7)
14 verbose stack     at ChildProcess.<anonymous> (C:\Users\Serge\AppData\Roaming\npm\node_modules\npm\lib\utils\spawn.js:24:14)
14 verbose stack     at emitTwo (events.js:106:13)
14 verbose stack     at ChildProcess.emit (events.js:191:7)
14 verbose stack     at maybeClose (internal/child_process.js:852:16)
14 verbose stack     at Process.ChildProcess._handle.onexit (internal/child_process.js:215:5)
15 verbose pkgid angular2-boilerplate@1.0.0
16 verbose cwd E:\!PROJECTS\WebDesign\angular2-app
17 error Windows_NT 10.0.10586
18 error argv "C:\\Program Files\\nodejs\\node.exe" "C:\\Users\\Serge\\AppData\\Roaming\\npm\\node_modules\\npm\\bin\\npm-cli.js" "start"
19 error node v6.2.1
20 error npm  v3.5.2
21 error code ELIFECYCLE
22 error angular2-boilerplate@1.0.0 start: `concurrent "npm run gulp" "npm run lite" `
22 error Exit status 1
23 error Failed at the angular2-boilerplate@1.0.0 start script 'concurrent "npm run gulp" "npm run lite" '.
23 error Make sure you have the latest version of node.js and npm installed.
23 error If you do, this is most likely a problem with the angular2-boilerplate package,
23 error not with npm itself.
23 error Tell the author that this fails on your system:
23 error     concurrent "npm run gulp" "npm run lite"
23 error You can get information on how to open an issue for this project with:
23 error     npm bugs angular2-boilerplate
23 error Or if that isn't available, you can get their info via:
23 error     npm owner ls angular2-boilerplate
23 error There is likely additional logging output above.
24 verbose exit [ 1, true ]
